<?xml version="1.0" encoding="UTF-8"?>
<!-- Generated by org.testng.reporters.JUnitReportReporter -->
<testsuite hostname="LAPTOP-B2IDFSM7" failures="0" tests="1" name="com.tutorialsninja.demo.testsuite.DesktopsTest" time="51.309" errors="0" timestamp="2023-12-12T22:31:52 GMT" skipped="0">
  <testcase classname="com.tutorialsninja.demo.testsuite.DesktopsTest" name="verifyProductArrangeInAlphabeticalOrder" time="51.309"/>
</testsuite> <!-- com.tutorialsninja.demo.testsuite.DesktopsTest -->
